SingleCluster/build/intermediates/manifest_merge_blame_file/debug/manifest-merger-blame-debug-report.txt
1<?xml version="1.0" encoding="utf-8"?>
2<manifest xmlns:android="http://schemas.android.com/apk/res/android"
3    package="com.pushhunter.huawei"
4    android:versionCode="1"
5    android:versionName="1.0" >
6
7    <uses-sdk
8        android:minSdkVersion="19"
8-->src\main\AndroidManifest.xml
9        android:targetSdkVersion="28" />
9-->src\main\AndroidManifest.xml
10
11    <uses-permission android:name="android.permission.ACCESS_COARSE_LOCATION" />
11-->src\main\AndroidManifest.xml:4:5-80
11-->src\main\AndroidManifest.xml:4:22-78
12    <uses-permission android:name="android.permission.ACCESS_FINE_LOCATION" />
12-->src\main\AndroidManifest.xml:5:5-78
12-->src\main\AndroidManifest.xml:5:22-76
13    <uses-permission android:name="android.permission.INTERNET" />
13-->src\main\AndroidManifest.xml:6:5-66
13-->src\main\AndroidManifest.xml:6:22-64
14    <uses-permission android:name="android.permission.ACCESS_NETWORK_STATE" />
14-->src\main\AndroidManifest.xml:7:5-78
14-->src\main\AndroidManifest.xml:7:22-76
15
16    <!-- HMS-SDK引导升级HMS功能，保存下载的升级包需要SD卡写权限 -->
17    <uses-permission android:name="android.permission.WRITE_EXTERNAL_STORAGE" /> <!-- 如果是安卓8.0，应用编译配置的targetSdkVersion>=26，请务必添加以下权限 -->
17-->[com.huawei.hms:base:4.0.0.300] AndroidManifest.xml:12:5-81
17-->[com.huawei.hms:base:4.0.0.300] AndroidManifest.xml:12:22-78
18    <uses-permission android:name="android.permission.REQUEST_INSTALL_PACKAGES" /> <!-- 应用市场9.0版本必须使用该权限获取用户的服务地 -->
18-->[com.huawei.hms:base:4.0.0.300] AndroidManifest.xml:16:5-83
18-->[com.huawei.hms:base:4.0.0.300] AndroidManifest.xml:16:22-80
19    <uses-permission android:name="com.huawei.appmarket.service.commondata.permission.GET_COMMON_DATA" />
19-->[com.huawei.hms:base:4.0.0.300] AndroidManifest.xml:18:5-106
19-->[com.huawei.hms:base:4.0.0.300] AndroidManifest.xml:18:22-103
20    <uses-permission android:name="android.permission.READ_EXTERNAL_STORAGE" />
21
22    <application
22-->src\main\AndroidManifest.xml:9:5-23:19
23        android:allowBackup="false"
23-->src\main\AndroidManifest.xml:10:9-36
24        android:appComponentFactory="androidx.core.app.CoreComponentFactory"
24-->[androidx.core:core:1.1.0] AndroidManifest.xml:24:18-86
25        android:debuggable="true"
26        android:icon="@mipmap/ic_launcher"
26-->src\main\AndroidManifest.xml:11:9-43
27        android:label="@string/app_name"
27-->src\main\AndroidManifest.xml:12:9-41
28        android:roundIcon="@mipmap/ic_launcher_round"
28-->src\main\AndroidManifest.xml:13:9-54
29        android:supportsRtl="true"
29-->src\main\AndroidManifest.xml:14:9-35
30        android:testOnly="true" >
31        <activity android:name="com.pushhunter.huawei.MainActivity" >
31-->src\main\AndroidManifest.xml:16:9-22:20
31-->src\main\AndroidManifest.xml:16:19-47
32            <intent-filter>
32-->src\main\AndroidManifest.xml:17:13-21:29
33                <action android:name="android.intent.action.MAIN" />
33-->src\main\AndroidManifest.xml:18:17-69
33-->src\main\AndroidManifest.xml:18:25-66
34
35                <category android:name="android.intent.category.LAUNCHER" />
35-->src\main\AndroidManifest.xml:20:17-77
35-->src\main\AndroidManifest.xml:20:27-74
36            </intent-filter>
37        </activity>
38
39        <meta-data
39-->[com.huawei.hms:maps:4.0.1.300] AndroidManifest.xml:12:9-14:41
40            android:name="com.huawei.hms.version"
40-->[com.huawei.hms:maps:4.0.1.300] AndroidManifest.xml:13:13-50
41            android:value="4.0.1.300" />
41-->[com.huawei.hms:maps:4.0.1.300] AndroidManifest.xml:14:13-38
42        <meta-data
42-->[com.huawei.hms:maps:4.0.1.300] AndroidManifest.xml:15:9-17:46
43            android:name="com.huawei.hms.client.service.name:maps"
43-->[com.huawei.hms:maps:4.0.1.300] AndroidManifest.xml:16:13-67
44            android:value="maps:4.0.1.300" />
44-->[com.huawei.hms:maps:4.0.1.300] AndroidManifest.xml:17:13-43
45        <meta-data
45-->[com.huawei.hms:maps:4.0.1.300] AndroidManifest.xml:18:9-20:33
46            android:name="com.huawei.hms.min_api_level:maps:huawei_module_maps"
46-->[com.huawei.hms:maps:4.0.1.300] AndroidManifest.xml:19:13-80
47            android:value="1" />
47-->[com.huawei.hms:maps:4.0.1.300] AndroidManifest.xml:20:13-30
48        <!--
49        为后续统计第三方app集成了哪些Kit，因此需要Kit在自己的AndroidManifest.xml文件中定义业务标签元数据，
50        流水线打包时会替换成HMSVER对应的版本号，不要手动修改
51        -->
52        <meta-data
52-->[com.huawei.hms:base:4.0.0.300] AndroidManifest.xml:26:9-28:46
53            android:name="com.huawei.hms.client.service.name:base"
53-->[com.huawei.hms:base:4.0.0.300] AndroidManifest.xml:27:13-67
54            android:value="base:4.0.0.300" /> <!-- SDK依赖的HMSCore的最低api level元数据 -->
54-->[com.huawei.hms:base:4.0.0.300] AndroidManifest.xml:28:13-43
55        <meta-data
55-->[com.huawei.hms:base:4.0.0.300] AndroidManifest.xml:31:9-33:33
56            android:name="com.huawei.hms.min_api_level:base:hmscore"
56-->[com.huawei.hms:base:4.0.0.300] AndroidManifest.xml:32:13-69
57            android:value="1" />
57-->[com.huawei.hms:base:4.0.0.300] AndroidManifest.xml:33:13-30
58
59        <activity
59-->[com.huawei.hms:base:4.0.0.300] AndroidManifest.xml:35:9-45:20
60            android:name="com.huawei.hms.activity.BridgeActivity"
60-->[com.huawei.hms:base:4.0.0.300] AndroidManifest.xml:36:13-66
61            android:configChanges="orientation|locale|layoutDirection|fontScale|screenSize|smallestScreenSize|screenLayout"
61-->[com.huawei.hms:base:4.0.0.300] AndroidManifest.xml:37:13-124
62            android:excludeFromRecents="true"
62-->[com.huawei.hms:base:4.0.0.300] AndroidManifest.xml:38:13-46
63            android:exported="false"
63-->[com.huawei.hms:base:4.0.0.300] AndroidManifest.xml:39:13-37
64            android:hardwareAccelerated="true"
64-->[com.huawei.hms:base:4.0.0.300] AndroidManifest.xml:40:13-47
65            android:theme="@android:style/Theme.Translucent" >
65-->[com.huawei.hms:base:4.0.0.300] AndroidManifest.xml:41:13-61
66            <meta-data
66-->[com.huawei.hms:base:4.0.0.300] AndroidManifest.xml:42:13-44:77
67                android:name="hwc-theme"
67-->[com.huawei.hms:base:4.0.0.300] AndroidManifest.xml:43:17-41
68                android:value="androidhwext:style/Theme.Emui.Translucent" />
68-->[com.huawei.hms:base:4.0.0.300] AndroidManifest.xml:44:17-74
69        </activity>
70        <activity
70-->[com.huawei.hms:base:4.0.0.300] AndroidManifest.xml:46:9-49:20
71            android:name="com.huawei.hms.activity.EnableServiceActivity"
71-->[com.huawei.hms:base:4.0.0.300] AndroidManifest.xml:47:13-73
72            android:configChanges="orientation|keyboardHidden|screenSize|smallestScreenSize|screenLayout" >
72-->[com.huawei.hms:base:4.0.0.300] AndroidManifest.xml:48:13-106
73        </activity>
74        <activity
74-->[com.huawei.hms:base:4.0.0.300] AndroidManifest.xml:50:9-58:20
75            android:name="com.huawei.updatesdk.service.otaupdate.AppUpdateActivity"
75-->[com.huawei.hms:base:4.0.0.300] AndroidManifest.xml:51:13-84
76            android:configChanges="orientation|screenSize|smallestScreenSize|screenLayout"
76-->[com.huawei.hms:base:4.0.0.300] AndroidManifest.xml:52:13-91
77            android:exported="false"
77-->[com.huawei.hms:base:4.0.0.300] AndroidManifest.xml:53:13-37
78            android:theme="@style/upsdkDlDialog" >
78-->[com.huawei.hms:base:4.0.0.300] AndroidManifest.xml:54:13-49
79            <meta-data
79-->[com.huawei.hms:base:4.0.0.300] AndroidManifest.xml:42:13-44:77
80                android:name="hwc-theme"
80-->[com.huawei.hms:base:4.0.0.300] AndroidManifest.xml:43:17-41
81                android:value="androidhwext:style/Theme.Emui.Translucent.NoTitleBar" />
81-->[com.huawei.hms:base:4.0.0.300] AndroidManifest.xml:44:17-74
82        </activity>
83        <activity
83-->[com.huawei.hms:base:4.0.0.300] AndroidManifest.xml:59:9-67:20
84            android:name="com.huawei.updatesdk.support.pm.PackageInstallerActivity"
84-->[com.huawei.hms:base:4.0.0.300] AndroidManifest.xml:60:13-84
85            android:configChanges="orientation|keyboardHidden|screenSize|smallestScreenSize|screenLayout"
85-->[com.huawei.hms:base:4.0.0.300] AndroidManifest.xml:61:13-106
86            android:exported="false"
86-->[com.huawei.hms:base:4.0.0.300] AndroidManifest.xml:62:13-37
87            android:theme="@style/upsdkDlDialog" >
87-->[com.huawei.hms:base:4.0.0.300] AndroidManifest.xml:63:13-49
88            <meta-data
88-->[com.huawei.hms:base:4.0.0.300] AndroidManifest.xml:42:13-44:77
89                android:name="hwc-theme"
89-->[com.huawei.hms:base:4.0.0.300] AndroidManifest.xml:43:17-41
90                android:value="androidhwext:style/Theme.Emui.Translucent" />
90-->[com.huawei.hms:base:4.0.0.300] AndroidManifest.xml:44:17-74
91        </activity>
92
93        <provider
93-->[com.huawei.hms:base:4.0.0.300] AndroidManifest.xml:69:9-74:20
94            android:name="com.huawei.hms.update.provider.UpdateProvider"
94-->[com.huawei.hms:base:4.0.0.300] AndroidManifest.xml:70:13-73
95            android:authorities="com.pushhunter.huawei.hms.update.provider"
95-->[com.huawei.hms:base:4.0.0.300] AndroidManifest.xml:71:13-71
96            android:exported="false"
96-->[com.huawei.hms:base:4.0.0.300] AndroidManifest.xml:72:13-37
97            android:grantUriPermissions="true" >
97-->[com.huawei.hms:base:4.0.0.300] AndroidManifest.xml:73:13-47
98        </provider>
99
100        <meta-data
100-->[com.huawei.hms:dynamic-api:1.0.13.303] AndroidManifest.xml:12:9-14:54
101            android:name="com.huawei.hms.client.service.name:dynamic-api"
101-->[com.huawei.hms:dynamic-api:1.0.13.303] AndroidManifest.xml:13:13-74
102            android:value="dynamic-api:1.0.13.303" />
102-->[com.huawei.hms:dynamic-api:1.0.13.303] AndroidManifest.xml:14:13-51
103        <meta-data
103-->[com.huawei.hms:dynamic-api:1.0.13.303] AndroidManifest.xml:15:9-17:33
104            android:name="com.huawei.hms.min_api_level:dynamic-api:huawei_module_dynamicloader"
104-->[com.huawei.hms:dynamic-api:1.0.13.303] AndroidManifest.xml:16:13-96
105            android:value="2" />
105-->[com.huawei.hms:dynamic-api:1.0.13.303] AndroidManifest.xml:17:13-30
106
107        <uses-library
107-->[com.huawei.hms:maps-base:4.0.1.300] AndroidManifest.xml:12:9-14:40
108            android:name="org.apache.http.legacy"
108-->[com.huawei.hms:maps-base:4.0.1.300] AndroidManifest.xml:13:13-50
109            android:required="false" />
109-->[com.huawei.hms:maps-base:4.0.1.300] AndroidManifest.xml:14:13-37
110
111        <provider
111-->[com.huawei.agconnect:agconnect-core:1.0.0.300] AndroidManifest.xml:10:9-13:40
112            android:name="com.huawei.agconnect.core.provider.AGConnectInitializeProvider"
112-->[com.huawei.agconnect:agconnect-core:1.0.0.300] AndroidManifest.xml:11:13-90
113            android:authorities="com.pushhunter.huawei.AGCInitializeProvider"
113-->[com.huawei.agconnect:agconnect-core:1.0.0.300] AndroidManifest.xml:12:13-73
114            android:exported="false" />
114-->[com.huawei.agconnect:agconnect-core:1.0.0.300] AndroidManifest.xml:13:13-37
115
116        <service
116-->[com.huawei.agconnect:agconnect-core:1.0.0.300] AndroidManifest.xml:15:9-17:40
117            android:name="com.huawei.agconnect.core.ServiceDiscovery"
117-->[com.huawei.agconnect:agconnect-core:1.0.0.300] AndroidManifest.xml:16:13-70
118            android:exported="false" />
118-->[com.huawei.agconnect:agconnect-core:1.0.0.300] AndroidManifest.xml:17:13-37
119    </application>
120
121</manifest>